<?xml version="1.0" encoding="UTF-8"?>
<!-- Generated by org.testng.reporters.JUnitReportReporter -->
<testsuite skipped="0" hostname="shenyu-imac.lan" name="tests.WikiAppTests" tests="3" failures="0" timestamp="2020-05-23T23:25:11 PDT" time="27.354" errors="0">
  <testcase name="t1_saveTwoArticlesIntoOneList" time="21.791" classname="tests.WikiAppTests"/>
  <system-out/>
  <testcase name="t2_articleInTheListMatchTheActualArticle" time="2.578" classname="tests.WikiAppTests"/>
  <system-out/>
  <testcase name="t3_verifyTheScreenCanBeRotated" time="2.985" classname="tests.WikiAppTests"/>
  <system-out/>
</testsuite> <!-- tests.WikiAppTests -->
